
> after-school-club-cms@0.1.0 build
> NODE_OPTIONS='--max-old-space-size=4096' next build

▲ Next.js 16.1.6 (Turbopack)
- Environments: .env.local

  Creating an optimized production build ...
✓ Compiled successfully in 11.2s
  Running TypeScript ...
  Collecting page data using 7 workers ...
  Generating static pages using 7 workers (0/26) ...
  Generating static pages using 7 workers (6/26) 
  Generating static pages using 7 workers (12/26) 
  Generating static pages using 7 workers (19/26) 
✓ Generating static pages using 7 workers (26/26) in 783.9ms
  Finalizing page optimization ...

Route (app)
┌ ○ /
├ ○ /_not-found
├ ƒ /api/availability
├ ƒ /api/bookings
├ ƒ /api/onboarding
├ ƒ /api/organisations
├ ƒ /api/portal/login
├ ƒ /api/register
├ ƒ /api/students
├ ƒ /api/upload/logo
├ ○ /auth-test
├ ƒ /book/[orgSlug]
├ ƒ /book/[orgSlug]/[centreSlug]
├ ƒ /careers/[slug]
├ ƒ /dashboard
├ ƒ /dashboard/availability
├ ƒ /dashboard/availability/[centreId]
├ ƒ /dashboard/bookings
├ ƒ /dashboard/bookings/[bookingId]
├ ƒ /dashboard/bookings/new
├ ƒ /dashboard/centres/add
├ ƒ /dashboard/students/[id]
├ ƒ /dashboard/students/add
├ ○ /login
├ ƒ /onboarding
├ ƒ /portal
├ ○ /portal/login
├ ƒ /portal/verify
├ ○ /register-org
├ ƒ /register/[centreSlug]
└ ○ /signup


○  (Static)   prerendered as static content
ƒ  (Dynamic)  server-rendered on demand

